Created by PLY version 3.11 (http://www.dabeaz.com/ply)

Grammar

Rule 0     S' -> expr
Rule 1     expr -> ID ASSIGN expr
Rule 2     expr -> ID
Rule 3     expr -> PRINT expr
Rule 4     expr -> <empty>
Rule 5     expr -> expr PLUS expr
Rule 6     expr -> expr MINUS expr
Rule 7     expr -> MINUS expr
Rule 8     expr -> expr TIMES expr
Rule 9     expr -> expr DIV expr
Rule 10    expr -> NUMBER
Rule 11    expr -> LPAREN expr RPAREN

Terminals, with rules where they appear

ASSIGN               : 1
DIV                  : 9
ID                   : 1 2
LPAREN               : 11
MINUS                : 6 7
NUMBER               : 10
PLUS                 : 5
PRINT                : 3
RPAREN               : 11
TIMES                : 8
error                : 

Nonterminals, with rules where they appear

expr                 : 1 3 5 5 6 6 7 8 8 9 9 11 0

Parsing method: LALR

state 0

    (0) S' -> . expr
    (1) expr -> . ID ASSIGN expr
    (2) expr -> . ID
    (3) expr -> . PRINT expr
    (4) expr -> .
    (5) expr -> . expr PLUS expr
    (6) expr -> . expr MINUS expr
    (7) expr -> . MINUS expr
    (8) expr -> . expr TIMES expr
    (9) expr -> . expr DIV expr
    (10) expr -> . NUMBER
    (11) expr -> . LPAREN expr RPAREN

  ! shift/reduce conflict for MINUS resolved as shift
    ID              shift and go to state 2
    PRINT           shift and go to state 3
    PLUS            reduce using rule 4 (expr -> .)
    TIMES           reduce using rule 4 (expr -> .)
    DIV             reduce using rule 4 (expr -> .)
    $end            reduce using rule 4 (expr -> .)
    MINUS           shift and go to state 4
    NUMBER          shift and go to state 5
    LPAREN          shift and go to state 6

  ! MINUS           [ reduce using rule 4 (expr -> .) ]

    expr                           shift and go to state 1

state 1

    (0) S' -> expr .
    (5) expr -> expr . PLUS expr
    (6) expr -> expr . MINUS expr
    (8) expr -> expr . TIMES expr
    (9) expr -> expr . DIV expr

    PLUS            shift and go to state 7
    MINUS           shift and go to state 8
    TIMES           shift and go to state 9
    DIV             shift and go to state 10


state 2

    (1) expr -> ID . ASSIGN expr
    (2) expr -> ID .

    ASSIGN          shift and go to state 11
    PLUS            reduce using rule 2 (expr -> ID .)
    MINUS           reduce using rule 2 (expr -> ID .)
    TIMES           reduce using rule 2 (expr -> ID .)
    DIV             reduce using rule 2 (expr -> ID .)
    $end            reduce using rule 2 (expr -> ID .)
    RPAREN          reduce using rule 2 (expr -> ID .)


state 3

    (3) expr -> PRINT . expr
    (1) expr -> . ID ASSIGN expr
    (2) expr -> . ID
    (3) expr -> . PRINT expr
    (4) expr -> .
    (5) expr -> . expr PLUS expr
    (6) expr -> . expr MINUS expr
    (7) expr -> . MINUS expr
    (8) expr -> . expr TIMES expr
    (9) expr -> . expr DIV expr
    (10) expr -> . NUMBER
    (11) expr -> . LPAREN expr RPAREN

  ! shift/reduce conflict for MINUS resolved as shift
    ID              shift and go to state 2
    PRINT           shift and go to state 3
    PLUS            reduce using rule 4 (expr -> .)
    TIMES           reduce using rule 4 (expr -> .)
    DIV             reduce using rule 4 (expr -> .)
    $end            reduce using rule 4 (expr -> .)
    RPAREN          reduce using rule 4 (expr -> .)
    MINUS           shift and go to state 4
    NUMBER          shift and go to state 5
    LPAREN          shift and go to state 6

  ! MINUS           [ reduce using rule 4 (expr -> .) ]

    expr                           shift and go to state 12

state 4

    (7) expr -> MINUS . expr
    (1) expr -> . ID ASSIGN expr
    (2) expr -> . ID
    (3) expr -> . PRINT expr
    (4) expr -> .
    (5) expr -> . expr PLUS expr
    (6) expr -> . expr MINUS expr
    (7) expr -> . MINUS expr
    (8) expr -> . expr TIMES expr
    (9) expr -> . expr DIV expr
    (10) expr -> . NUMBER
    (11) expr -> . LPAREN expr RPAREN

  ! shift/reduce conflict for MINUS resolved as shift
    ID              shift and go to state 2
    PRINT           shift and go to state 3
    PLUS            reduce using rule 4 (expr -> .)
    TIMES           reduce using rule 4 (expr -> .)
    DIV             reduce using rule 4 (expr -> .)
    $end            reduce using rule 4 (expr -> .)
    RPAREN          reduce using rule 4 (expr -> .)
    MINUS           shift and go to state 4
    NUMBER          shift and go to state 5
    LPAREN          shift and go to state 6

  ! MINUS           [ reduce using rule 4 (expr -> .) ]

    expr                           shift and go to state 13

state 5

    (10) expr -> NUMBER .

    PLUS            reduce using rule 10 (expr -> NUMBER .)
    MINUS           reduce using rule 10 (expr -> NUMBER .)
    TIMES           reduce using rule 10 (expr -> NUMBER .)
    DIV             reduce using rule 10 (expr -> NUMBER .)
    $end            reduce using rule 10 (expr -> NUMBER .)
    RPAREN          reduce using rule 10 (expr -> NUMBER .)


state 6

    (11) expr -> LPAREN . expr RPAREN
    (1) expr -> . ID ASSIGN expr
    (2) expr -> . ID
    (3) expr -> . PRINT expr
    (4) expr -> .
    (5) expr -> . expr PLUS expr
    (6) expr -> . expr MINUS expr
    (7) expr -> . MINUS expr
    (8) expr -> . expr TIMES expr
    (9) expr -> . expr DIV expr
    (10) expr -> . NUMBER
    (11) expr -> . LPAREN expr RPAREN

  ! shift/reduce conflict for MINUS resolved as shift
    ID              shift and go to state 2
    PRINT           shift and go to state 3
    RPAREN          reduce using rule 4 (expr -> .)
    PLUS            reduce using rule 4 (expr -> .)
    TIMES           reduce using rule 4 (expr -> .)
    DIV             reduce using rule 4 (expr -> .)
    MINUS           shift and go to state 4
    NUMBER          shift and go to state 5
    LPAREN          shift and go to state 6

  ! MINUS           [ reduce using rule 4 (expr -> .) ]

    expr                           shift and go to state 14

state 7

    (5) expr -> expr PLUS . expr
    (1) expr -> . ID ASSIGN expr
    (2) expr -> . ID
    (3) expr -> . PRINT expr
    (4) expr -> .
    (5) expr -> . expr PLUS expr
    (6) expr -> . expr MINUS expr
    (7) expr -> . MINUS expr
    (8) expr -> . expr TIMES expr
    (9) expr -> . expr DIV expr
    (10) expr -> . NUMBER
    (11) expr -> . LPAREN expr RPAREN

  ! shift/reduce conflict for MINUS resolved as shift
    ID              shift and go to state 2
    PRINT           shift and go to state 3
    PLUS            reduce using rule 4 (expr -> .)
    TIMES           reduce using rule 4 (expr -> .)
    DIV             reduce using rule 4 (expr -> .)
    $end            reduce using rule 4 (expr -> .)
    RPAREN          reduce using rule 4 (expr -> .)
    MINUS           shift and go to state 4
    NUMBER          shift and go to state 5
    LPAREN          shift and go to state 6

  ! MINUS           [ reduce using rule 4 (expr -> .) ]

    expr                           shift and go to state 15

state 8

    (6) expr -> expr MINUS . expr
    (1) expr -> . ID ASSIGN expr
    (2) expr -> . ID
    (3) expr -> . PRINT expr
    (4) expr -> .
    (5) expr -> . expr PLUS expr
    (6) expr -> . expr MINUS expr
    (7) expr -> . MINUS expr
    (8) expr -> . expr TIMES expr
    (9) expr -> . expr DIV expr
    (10) expr -> . NUMBER
    (11) expr -> . LPAREN expr RPAREN

  ! shift/reduce conflict for MINUS resolved as shift
    ID              shift and go to state 2
    PRINT           shift and go to state 3
    PLUS            reduce using rule 4 (expr -> .)
    TIMES           reduce using rule 4 (expr -> .)
    DIV             reduce using rule 4 (expr -> .)
    $end            reduce using rule 4 (expr -> .)
    RPAREN          reduce using rule 4 (expr -> .)
    MINUS           shift and go to state 4
    NUMBER          shift and go to state 5
    LPAREN          shift and go to state 6

  ! MINUS           [ reduce using rule 4 (expr -> .) ]

    expr                           shift and go to state 16

state 9

    (8) expr -> expr TIMES . expr
    (1) expr -> . ID ASSIGN expr
    (2) expr -> . ID
    (3) expr -> . PRINT expr
    (4) expr -> .
    (5) expr -> . expr PLUS expr
    (6) expr -> . expr MINUS expr
    (7) expr -> . MINUS expr
    (8) expr -> . expr TIMES expr
    (9) expr -> . expr DIV expr
    (10) expr -> . NUMBER
    (11) expr -> . LPAREN expr RPAREN

  ! shift/reduce conflict for MINUS resolved as shift
    ID              shift and go to state 2
    PRINT           shift and go to state 3
    PLUS            reduce using rule 4 (expr -> .)
    TIMES           reduce using rule 4 (expr -> .)
    DIV             reduce using rule 4 (expr -> .)
    $end            reduce using rule 4 (expr -> .)
    RPAREN          reduce using rule 4 (expr -> .)
    MINUS           shift and go to state 4
    NUMBER          shift and go to state 5
    LPAREN          shift and go to state 6

  ! MINUS           [ reduce using rule 4 (expr -> .) ]

    expr                           shift and go to state 17

state 10

    (9) expr -> expr DIV . expr
    (1) expr -> . ID ASSIGN expr
    (2) expr -> . ID
    (3) expr -> . PRINT expr
    (4) expr -> .
    (5) expr -> . expr PLUS expr
    (6) expr -> . expr MINUS expr
    (7) expr -> . MINUS expr
    (8) expr -> . expr TIMES expr
    (9) expr -> . expr DIV expr
    (10) expr -> . NUMBER
    (11) expr -> . LPAREN expr RPAREN

  ! shift/reduce conflict for MINUS resolved as shift
    ID              shift and go to state 2
    PRINT           shift and go to state 3
    PLUS            reduce using rule 4 (expr -> .)
    TIMES           reduce using rule 4 (expr -> .)
    DIV             reduce using rule 4 (expr -> .)
    $end            reduce using rule 4 (expr -> .)
    RPAREN          reduce using rule 4 (expr -> .)
    MINUS           shift and go to state 4
    NUMBER          shift and go to state 5
    LPAREN          shift and go to state 6

  ! MINUS           [ reduce using rule 4 (expr -> .) ]

    expr                           shift and go to state 18

state 11

    (1) expr -> ID ASSIGN . expr
    (1) expr -> . ID ASSIGN expr
    (2) expr -> . ID
    (3) expr -> . PRINT expr
    (4) expr -> .
    (5) expr -> . expr PLUS expr
    (6) expr -> . expr MINUS expr
    (7) expr -> . MINUS expr
    (8) expr -> . expr TIMES expr
    (9) expr -> . expr DIV expr
    (10) expr -> . NUMBER
    (11) expr -> . LPAREN expr RPAREN

  ! shift/reduce conflict for MINUS resolved as shift
    ID              shift and go to state 2
    PRINT           shift and go to state 3
    PLUS            reduce using rule 4 (expr -> .)
    TIMES           reduce using rule 4 (expr -> .)
    DIV             reduce using rule 4 (expr -> .)
    $end            reduce using rule 4 (expr -> .)
    RPAREN          reduce using rule 4 (expr -> .)
    MINUS           shift and go to state 4
    NUMBER          shift and go to state 5
    LPAREN          shift and go to state 6

  ! MINUS           [ reduce using rule 4 (expr -> .) ]

    expr                           shift and go to state 19

state 12

    (3) expr -> PRINT expr .
    (5) expr -> expr . PLUS expr
    (6) expr -> expr . MINUS expr
    (8) expr -> expr . TIMES expr
    (9) expr -> expr . DIV expr

    $end            reduce using rule 3 (expr -> PRINT expr .)
    RPAREN          reduce using rule 3 (expr -> PRINT expr .)
    PLUS            shift and go to state 7
    MINUS           shift and go to state 8
    TIMES           shift and go to state 9
    DIV             shift and go to state 10

  ! PLUS            [ reduce using rule 3 (expr -> PRINT expr .) ]
  ! MINUS           [ reduce using rule 3 (expr -> PRINT expr .) ]
  ! TIMES           [ reduce using rule 3 (expr -> PRINT expr .) ]
  ! DIV             [ reduce using rule 3 (expr -> PRINT expr .) ]


state 13

    (7) expr -> MINUS expr .
    (5) expr -> expr . PLUS expr
    (6) expr -> expr . MINUS expr
    (8) expr -> expr . TIMES expr
    (9) expr -> expr . DIV expr

    PLUS            reduce using rule 7 (expr -> MINUS expr .)
    MINUS           reduce using rule 7 (expr -> MINUS expr .)
    TIMES           reduce using rule 7 (expr -> MINUS expr .)
    DIV             reduce using rule 7 (expr -> MINUS expr .)
    $end            reduce using rule 7 (expr -> MINUS expr .)
    RPAREN          reduce using rule 7 (expr -> MINUS expr .)

  ! PLUS            [ shift and go to state 7 ]
  ! MINUS           [ shift and go to state 8 ]
  ! TIMES           [ shift and go to state 9 ]
  ! DIV             [ shift and go to state 10 ]


state 14

    (11) expr -> LPAREN expr . RPAREN
    (5) expr -> expr . PLUS expr
    (6) expr -> expr . MINUS expr
    (8) expr -> expr . TIMES expr
    (9) expr -> expr . DIV expr

    RPAREN          shift and go to state 20
    PLUS            shift and go to state 7
    MINUS           shift and go to state 8
    TIMES           shift and go to state 9
    DIV             shift and go to state 10


state 15

    (5) expr -> expr PLUS expr .
    (5) expr -> expr . PLUS expr
    (6) expr -> expr . MINUS expr
    (8) expr -> expr . TIMES expr
    (9) expr -> expr . DIV expr

    PLUS            reduce using rule 5 (expr -> expr PLUS expr .)
    MINUS           reduce using rule 5 (expr -> expr PLUS expr .)
    $end            reduce using rule 5 (expr -> expr PLUS expr .)
    RPAREN          reduce using rule 5 (expr -> expr PLUS expr .)
    TIMES           shift and go to state 9
    DIV             shift and go to state 10

  ! TIMES           [ reduce using rule 5 (expr -> expr PLUS expr .) ]
  ! DIV             [ reduce using rule 5 (expr -> expr PLUS expr .) ]
  ! PLUS            [ shift and go to state 7 ]
  ! MINUS           [ shift and go to state 8 ]


state 16

    (6) expr -> expr MINUS expr .
    (5) expr -> expr . PLUS expr
    (6) expr -> expr . MINUS expr
    (8) expr -> expr . TIMES expr
    (9) expr -> expr . DIV expr

    PLUS            reduce using rule 6 (expr -> expr MINUS expr .)
    MINUS           reduce using rule 6 (expr -> expr MINUS expr .)
    $end            reduce using rule 6 (expr -> expr MINUS expr .)
    RPAREN          reduce using rule 6 (expr -> expr MINUS expr .)
    TIMES           shift and go to state 9
    DIV             shift and go to state 10

  ! TIMES           [ reduce using rule 6 (expr -> expr MINUS expr .) ]
  ! DIV             [ reduce using rule 6 (expr -> expr MINUS expr .) ]
  ! PLUS            [ shift and go to state 7 ]
  ! MINUS           [ shift and go to state 8 ]


state 17

    (8) expr -> expr TIMES expr .
    (5) expr -> expr . PLUS expr
    (6) expr -> expr . MINUS expr
    (8) expr -> expr . TIMES expr
    (9) expr -> expr . DIV expr

    PLUS            reduce using rule 8 (expr -> expr TIMES expr .)
    MINUS           reduce using rule 8 (expr -> expr TIMES expr .)
    TIMES           reduce using rule 8 (expr -> expr TIMES expr .)
    DIV             reduce using rule 8 (expr -> expr TIMES expr .)
    $end            reduce using rule 8 (expr -> expr TIMES expr .)
    RPAREN          reduce using rule 8 (expr -> expr TIMES expr .)

  ! PLUS            [ shift and go to state 7 ]
  ! MINUS           [ shift and go to state 8 ]
  ! TIMES           [ shift and go to state 9 ]
  ! DIV             [ shift and go to state 10 ]


state 18

    (9) expr -> expr DIV expr .
    (5) expr -> expr . PLUS expr
    (6) expr -> expr . MINUS expr
    (8) expr -> expr . TIMES expr
    (9) expr -> expr . DIV expr

    PLUS            reduce using rule 9 (expr -> expr DIV expr .)
    MINUS           reduce using rule 9 (expr -> expr DIV expr .)
    TIMES           reduce using rule 9 (expr -> expr DIV expr .)
    DIV             reduce using rule 9 (expr -> expr DIV expr .)
    $end            reduce using rule 9 (expr -> expr DIV expr .)
    RPAREN          reduce using rule 9 (expr -> expr DIV expr .)

  ! PLUS            [ shift and go to state 7 ]
  ! MINUS           [ shift and go to state 8 ]
  ! TIMES           [ shift and go to state 9 ]
  ! DIV             [ shift and go to state 10 ]


state 19

    (1) expr -> ID ASSIGN expr .
    (5) expr -> expr . PLUS expr
    (6) expr -> expr . MINUS expr
    (8) expr -> expr . TIMES expr
    (9) expr -> expr . DIV expr

  ! shift/reduce conflict for PLUS resolved as shift
  ! shift/reduce conflict for MINUS resolved as shift
  ! shift/reduce conflict for TIMES resolved as shift
  ! shift/reduce conflict for DIV resolved as shift
    $end            reduce using rule 1 (expr -> ID ASSIGN expr .)
    RPAREN          reduce using rule 1 (expr -> ID ASSIGN expr .)
    PLUS            shift and go to state 7
    MINUS           shift and go to state 8
    TIMES           shift and go to state 9
    DIV             shift and go to state 10

  ! PLUS            [ reduce using rule 1 (expr -> ID ASSIGN expr .) ]
  ! MINUS           [ reduce using rule 1 (expr -> ID ASSIGN expr .) ]
  ! TIMES           [ reduce using rule 1 (expr -> ID ASSIGN expr .) ]
  ! DIV             [ reduce using rule 1 (expr -> ID ASSIGN expr .) ]


state 20

    (11) expr -> LPAREN expr RPAREN .

    PLUS            reduce using rule 11 (expr -> LPAREN expr RPAREN .)
    MINUS           reduce using rule 11 (expr -> LPAREN expr RPAREN .)
    TIMES           reduce using rule 11 (expr -> LPAREN expr RPAREN .)
    DIV             reduce using rule 11 (expr -> LPAREN expr RPAREN .)
    $end            reduce using rule 11 (expr -> LPAREN expr RPAREN .)
    RPAREN          reduce using rule 11 (expr -> LPAREN expr RPAREN .)

WARNING: 
WARNING: Conflicts:
WARNING: 
WARNING: shift/reduce conflict for MINUS in state 0 resolved as shift
WARNING: shift/reduce conflict for MINUS in state 3 resolved as shift
WARNING: shift/reduce conflict for MINUS in state 4 resolved as shift
WARNING: shift/reduce conflict for MINUS in state 6 resolved as shift
WARNING: shift/reduce conflict for MINUS in state 7 resolved as shift
WARNING: shift/reduce conflict for MINUS in state 8 resolved as shift
WARNING: shift/reduce conflict for MINUS in state 9 resolved as shift
WARNING: shift/reduce conflict for MINUS in state 10 resolved as shift
WARNING: shift/reduce conflict for MINUS in state 11 resolved as shift
WARNING: shift/reduce conflict for PLUS in state 19 resolved as shift
WARNING: shift/reduce conflict for MINUS in state 19 resolved as shift
WARNING: shift/reduce conflict for TIMES in state 19 resolved as shift
WARNING: shift/reduce conflict for DIV in state 19 resolved as shift
